[debug] [2026-03-02T16:06:55.607Z] ----------------------------------------------------------------------
[debug] [2026-03-02T16:06:55.609Z] Command:       C:\Program Files\nodejs\node.exe C:\Users\ASUS\AppData\Roaming\npm\node_modules\firebase-tools\lib\bin\firebase.js init
[debug] [2026-03-02T16:06:55.609Z] CLI Version:   15.8.0
[debug] [2026-03-02T16:06:55.609Z] Platform:      win32
[debug] [2026-03-02T16:06:55.609Z] Node Version:  v24.14.0
[debug] [2026-03-02T16:06:55.609Z] Time:          Mon Mar 02 2026 20:06:55 GMT+0400 (Azerbaijan Standard Time)
[debug] [2026-03-02T16:06:55.609Z] ----------------------------------------------------------------------
[debug] 
[debug] [2026-03-02T16:06:55.611Z] >>> [apiv2][query] GET https://firebase-public.firebaseio.com/cli.json [none]
[info] 
     ######## #### ########  ######## ########     ###     ######  ########
     ##        ##  ##     ## ##       ##     ##  ##   ##  ##       ##
     ######    ##  ########  ######   ########  #########  ######  ######
     ##        ##  ##    ##  ##       ##     ## ##     ##       ## ##
     ##       #### ##     ## ######## ########  ##     ##  ######  ########

You're about to initialize a Firebase project in this directory:

  C:\Users\ASUS\Desktop\gsb102\lesson33

[debug] [2026-03-02T16:06:56.845Z] <<< [apiv2][status] GET https://firebase-public.firebaseio.com/cli.json 200
[debug] [2026-03-02T16:06:56.845Z] <<< [apiv2][body] GET https://firebase-public.firebaseio.com/cli.json {"cloudBuildErrorAfter":1594252800000,"cloudBuildWarnAfter":1590019200000,"defaultNode10After":1594252800000,"minVersion":"3.0.5","node8DeploysDisabledAfter":1613390400000,"node8RuntimeDisabledAfter":1615809600000,"node8WarnAfter":1600128000000}
[info] 
=== Project Setup
[info] 
[info] First, let's associate this project directory with a Firebase project.
[info] You can create multiple project aliases by running firebase use --add, 
[info] 
[debug] [2026-03-02T16:07:18.700Z] > command requires scopes: ["email","openid","https://www.googleapis.com/auth/cloudplatformprojects.readonly","https://www.googleapis.com/auth/firebase","https://www.googleapis.com/auth/cloud-platform"]
[debug] [2026-03-02T16:07:18.700Z] > authorizing via signed-in user (ruhinhasanzade@gmail.com)
[debug] [2026-03-02T16:07:18.701Z] Checked if tokens are valid: false, expires at: 1772035646083
[debug] [2026-03-02T16:07:18.701Z] Checked if tokens are valid: false, expires at: 1772035646083
[debug] [2026-03-02T16:07:18.702Z] > refreshing access token with scopes: []
[debug] [2026-03-02T16:07:18.703Z] >>> [apiv2][query] POST https://www.googleapis.com/oauth2/v3/token [none]
[debug] [2026-03-02T16:07:18.703Z] >>> [apiv2][body] POST https://www.googleapis.com/oauth2/v3/token [omitted]
[debug] [2026-03-02T16:07:18.925Z] <<< [apiv2][status] POST https://www.googleapis.com/oauth2/v3/token 200
[debug] [2026-03-02T16:07:18.925Z] <<< [apiv2][body] POST https://www.googleapis.com/oauth2/v3/token [omitted]
[debug] [2026-03-02T16:07:18.973Z] >>> [apiv2][query] GET https://firebase.googleapis.com/v1beta1/projects pageSize=100
[debug] [2026-03-02T16:07:19.581Z] <<< [apiv2][status] GET https://firebase.googleapis.com/v1beta1/projects 200
[debug] [2026-03-02T16:07:19.581Z] <<< [apiv2][body] GET https://firebase.googleapis.com/v1beta1/projects [omitted]
[info] 
=== Hosting Setup
[debug] [2026-03-02T16:07:23.257Z] Checked if tokens are valid: true, expires at: 1772471237925
[debug] [2026-03-02T16:07:23.257Z] Checked if tokens are valid: true, expires at: 1772471237925
[debug] [2026-03-02T16:07:23.257Z] >>> [apiv2][query] GET https://firebase.googleapis.com/v1beta1/projects/testlogin-5508f [none]
[debug] [2026-03-02T16:07:23.545Z] <<< [apiv2][status] GET https://firebase.googleapis.com/v1beta1/projects/testlogin-5508f 200
[debug] [2026-03-02T16:07:23.546Z] <<< [apiv2][body] GET https://firebase.googleapis.com/v1beta1/projects/testlogin-5508f {"projectId":"testlogin-5508f","projectNumber":"75516359443","displayName":"testlogin","name":"projects/testlogin-5508f","resources":{"hostingSite":"testlogin-5508f"},"state":"ACTIVE","etag":"1_116de3aa-5877-44b7-ba09-c9a435f9efc4"}
[info] 
[info] Your public directory is the folder (relative to your project directory) that
[info] will contain Hosting assets to be uploaded with firebase deploy. If you
[info] have a build process for your assets, use your build's output directory.
[info] 
[debug] [2026-03-02T16:48:13.174Z] ExitPromptError: User force closed the prompt with SIGINT
    at Interface.sigint (C:\Users\ASUS\AppData\Roaming\npm\node_modules\firebase-tools\node_modules\@inquirer\core\dist\commonjs\lib\create-prompt.js:101:37)
    at Interface.emit (node:events:508:28)
    at [_ttyWrite] [as _ttyWrite] (node:internal/readline/interface:1327:18)
    at ReadStream.onkeypress (node:internal/readline/interface:284:20)
    at ReadStream.emit (node:events:520:35)
    at emitKeys (node:internal/readline/utils:371:14)
    at emitKeys.next (<anonymous>)
    at ReadStream.onData (node:internal/readline/emitKeypressEvents:64:36)
    at ReadStream.emit (node:events:508:28)
    at addChunk (node:internal/streams/readable:563:12)
[error] 
[error] Error: An unexpected error has occurred.
